0 info it worked if it ends with ok
1 verbose cli [ '/Users/giusepperj/.nvm/versions/node/v6.9.4/bin/node',
1 verbose cli   '/Users/giusepperj/.nvm/versions/node/v6.9.4/bin/npm',
1 verbose cli   'start' ]
2 info using npm@3.10.10
3 info using node@v6.9.4
4 verbose run-script [ 'prestart', 'start', 'poststart' ]
5 info lifecycle @hermanscheer/graphql-project@1.0.0~prestart: @hermanscheer/graphql-project@1.0.0
6 silly lifecycle @hermanscheer/graphql-project@1.0.0~prestart: no script for prestart, continuing
7 info lifecycle @hermanscheer/graphql-project@1.0.0~start: @hermanscheer/graphql-project@1.0.0
8 verbose lifecycle @hermanscheer/graphql-project@1.0.0~start: unsafe-perm in lifecycle true
9 verbose lifecycle @hermanscheer/graphql-project@1.0.0~start: PATH: /Users/giusepperj/.nvm/versions/node/v6.9.4/lib/node_modules/npm/bin/node-gyp-bin:/Users/giusepperj/Desktop/graphql-project/node_modules/.bin:/Users/giusepperj/.nvm/versions/node/v6.9.4/bin:/Users/giusepperj/.rbenv/shims:/usr/local/bin:/usr/local/sbin:/usr/bin:/bin:/usr/sbin:/sbin
10 verbose lifecycle @hermanscheer/graphql-project@1.0.0~start: CWD: /Users/giusepperj/Desktop/graphql-project
11 silly lifecycle @hermanscheer/graphql-project@1.0.0~start: Args: [ '-c', 'nodemon index.js' ]
12 info lifecycle @hermanscheer/graphql-project@1.0.0~start: Failed to exec start script
13 verbose stack Error: @hermanscheer/graphql-project@1.0.0 start: `nodemon index.js`
13 verbose stack spawn ENOENT
13 verbose stack     at ChildProcess.<anonymous> (/Users/giusepperj/.nvm/versions/node/v6.9.4/lib/node_modules/npm/lib/utils/spawn.js:33:16)
13 verbose stack     at emitTwo (events.js:106:13)
13 verbose stack     at ChildProcess.emit (events.js:191:7)
13 verbose stack     at maybeClose (internal/child_process.js:877:16)
13 verbose stack     at Process.ChildProcess._handle.onexit (internal/child_process.js:226:5)
14 verbose pkgid @hermanscheer/graphql-project@1.0.0
15 verbose cwd /Users/giusepperj/Desktop/graphql-project
16 error Darwin 15.6.0
17 error argv "/Users/giusepperj/.nvm/versions/node/v6.9.4/bin/node" "/Users/giusepperj/.nvm/versions/node/v6.9.4/bin/npm" "start"
18 error node v6.9.4
19 error npm  v3.10.10
20 error file sh
21 error code ELIFECYCLE
22 error errno ENOENT
23 error syscall spawn
24 error @hermanscheer/graphql-project@1.0.0 start: `nodemon index.js`
24 error spawn ENOENT
25 error Failed at the @hermanscheer/graphql-project@1.0.0 start script 'nodemon index.js'.
25 error Make sure you have the latest version of node.js and npm installed.
25 error If you do, this is most likely a problem with the @hermanscheer/graphql-project package,
25 error not with npm itself.
25 error Tell the author that this fails on your system:
25 error     nodemon index.js
25 error You can get information on how to open an issue for this project with:
25 error     npm bugs @hermanscheer/graphql-project
25 error Or if that isn't available, you can get their info via:
25 error     npm owner ls @hermanscheer/graphql-project
25 error There is likely additional logging output above.
26 verbose exit [ 1, true ]
